<?xml version="1.0" encoding="utf-8"?><testsuites name="pytest tests"><testsuite name="pytest" errors="0" failures="0" skipped="0" tests="7" time="1.084" timestamp="2026-05-08T20:51:11.606339+00:00" hostname="agent-env-4e2b0a18-4d80-4ca3-aed5-4f34baefa7e9"><testcase classname="backend.tests.test_contact.TestContactPost" name="test_valid_payload_returns_200_and_persists" time="0.365" /><testcase classname="backend.tests.test_contact.TestContactPost" name="test_missing_phone_returns_422" time="0.049" /><testcase classname="backend.tests.test_contact.TestContactPost" name="test_invalid_email_returns_422" time="0.052" /><testcase classname="backend.tests.test_contact.TestContactPost" name="test_empty_message_returns_422" time="0.087" /><testcase classname="backend.tests.test_contact.TestContactGet" name="test_get_returns_list_sorted_desc_no_objectid" time="0.193" /><testcase classname="backend.tests.test_contact.TestStatusRegression" name="test_status_post_and_get" time="0.119" /><testcase classname="backend.tests.test_contact.TestStatusRegression" name="test_root_endpoint" time="0.049" /></testsuite></testsuites>